1680033540: mosquitto version 2.0.15 starting
1680033540: Config loaded from /mosquitto/config/mosquitto.conf.
1680033540: Error: Unable to open pwfile "/mosquitto/conf/password.txt".
1680033540: Error opening password file "/mosquitto/conf/password.txt".
1680033540: mosquitto version 2.0.15 starting
1680033540: Config loaded from /mosquitto/config/mosquitto.conf.
1680033540: Error: Unable to open pwfile "/mosquitto/conf/password.txt".
1680033540: Error opening password file "/mosquitto/conf/password.txt".
1680033541: mosquitto version 2.0.15 starting
1680033541: Config loaded from /mosquitto/config/mosquitto.conf.
1680033541: Error: Unable to open pwfile "/mosquitto/conf/password.txt".
1680033541: Error opening password file "/mosquitto/conf/password.txt".
1680033541: mosquitto version 2.0.15 starting
1680033541: Config loaded from /mosquitto/config/mosquitto.conf.
1680033541: Error: Unable to open pwfile "/mosquitto/conf/password.txt".
1680033541: Error opening password file "/mosquitto/conf/password.txt".
1680033542: mosquitto version 2.0.15 starting
1680033542: Config loaded from /mosquitto/config/mosquitto.conf.
1680033542: Error: Unable to open pwfile "/mosquitto/conf/password.txt".
1680033542: Error opening password file "/mosquitto/conf/password.txt".
1680033544: mosquitto version 2.0.15 starting
1680033544: Config loaded from /mosquitto/config/mosquitto.conf.
1680033544: Error: Unable to open pwfile "/mosquitto/conf/password.txt".
1680033544: Error opening password file "/mosquitto/conf/password.txt".
1680033548: mosquitto version 2.0.15 starting
1680033548: Config loaded from /mosquitto/config/mosquitto.conf.
1680033548: Error: Unable to open pwfile "/mosquitto/conf/password.txt".
1680033548: Error opening password file "/mosquitto/conf/password.txt".
1680033554: mosquitto version 2.0.15 starting
1680033554: Config loaded from /mosquitto/config/mosquitto.conf.
1680033554: Error: Unable to open pwfile "/mosquitto/conf/password.txt".
1680033554: Error opening password file "/mosquitto/conf/password.txt".
1680033554: mosquitto version 2.0.15 starting
1680033554: Config loaded from /mosquitto/config/mosquitto.conf.
1680033554: Error: Unable to open pwfile "/mosquitto/conf/password.txt".
1680033554: Error opening password file "/mosquitto/conf/password.txt".
1680033554: mosquitto version 2.0.15 starting
1680033554: Config loaded from /mosquitto/config/mosquitto.conf.
1680033554: Error: Unable to open pwfile "/mosquitto/conf/password.txt".
1680033554: Error opening password file "/mosquitto/conf/password.txt".
1680033555: mosquitto version 2.0.15 starting
1680033555: Config loaded from /mosquitto/config/mosquitto.conf.
1680033555: Error: Unable to open pwfile "/mosquitto/conf/password.txt".
1680033555: Error opening password file "/mosquitto/conf/password.txt".
1680033556: mosquitto version 2.0.15 starting
1680033556: Config loaded from /mosquitto/config/mosquitto.conf.
1680033556: Error: Unable to open pwfile "/mosquitto/conf/password.txt".
1680033556: Error opening password file "/mosquitto/conf/password.txt".
1680033558: mosquitto version 2.0.15 starting
1680033558: Config loaded from /mosquitto/config/mosquitto.conf.
1680033558: Error: Unable to open pwfile "/mosquitto/conf/password.txt".
1680033558: Error opening password file "/mosquitto/conf/password.txt".
1680033561: mosquitto version 2.0.15 starting
1680033561: Config loaded from /mosquitto/config/mosquitto.conf.
1680033561: Error: Unable to open pwfile "/mosquitto/conf/password.txt".
1680033561: Error opening password file "/mosquitto/conf/password.txt".
1680033568: mosquitto version 2.0.15 starting
1680033568: Config loaded from /mosquitto/config/mosquitto.conf.
1680033568: Error: Unable to open pwfile "/mosquitto/conf/password.txt".
1680033568: Error opening password file "/mosquitto/conf/password.txt".
1680033581: mosquitto version 2.0.15 starting
1680033581: Config loaded from /mosquitto/config/mosquitto.conf.
1680033581: Error: Unable to open pwfile "/mosquitto/conf/password.txt".
1680033581: Error opening password file "/mosquitto/conf/password.txt".
1680033607: mosquitto version 2.0.15 starting
1680033607: Config loaded from /mosquitto/config/mosquitto.conf.
1680033607: Error: Unable to open pwfile "/mosquitto/conf/password.txt".
1680033607: Error opening password file "/mosquitto/conf/password.txt".
1680033627: mosquitto version 2.0.15 starting
1680033627: Config loaded from /mosquitto/config/mosquitto.conf.
1680033627: Error: Unable to open pwfile "/Mosquitto/conf/password.passwd".
1680033627: Error opening password file "/Mosquitto/conf/password.passwd".
1680033628: mosquitto version 2.0.15 starting
1680033628: Config loaded from /mosquitto/config/mosquitto.conf.
1680033628: Error: Unable to open pwfile "/Mosquitto/conf/password.passwd".
1680033628: Error opening password file "/Mosquitto/conf/password.passwd".
1680033628: mosquitto version 2.0.15 starting
1680033628: Config loaded from /mosquitto/config/mosquitto.conf.
1680033628: Error: Unable to open pwfile "/Mosquitto/conf/password.passwd".
1680033628: Error opening password file "/Mosquitto/conf/password.passwd".
1680033629: mosquitto version 2.0.15 starting
1680033629: Config loaded from /mosquitto/config/mosquitto.conf.
1680033629: Error: Unable to open pwfile "/Mosquitto/conf/password.passwd".
1680033629: Error opening password file "/Mosquitto/conf/password.passwd".
1680033630: mosquitto version 2.0.15 starting
1680033630: Config loaded from /mosquitto/config/mosquitto.conf.
1680033630: Error: Unable to open pwfile "/Mosquitto/conf/password.passwd".
1680033630: Error opening password file "/Mosquitto/conf/password.passwd".
1680033632: mosquitto version 2.0.15 starting
1680033632: Config loaded from /mosquitto/config/mosquitto.conf.
1680033632: Error: Unable to open pwfile "/Mosquitto/conf/password.passwd".
1680033632: Error opening password file "/Mosquitto/conf/password.passwd".
1680033635: mosquitto version 2.0.15 starting
1680033635: Config loaded from /mosquitto/config/mosquitto.conf.
1680033635: Error: Unable to open pwfile "/Mosquitto/conf/password.passwd".
1680033635: Error opening password file "/Mosquitto/conf/password.passwd".
1680033642: mosquitto version 2.0.15 starting
1680033642: Config loaded from /mosquitto/config/mosquitto.conf.
1680033642: Error: Unable to open pwfile "/Mosquitto/conf/password.passwd".
1680033642: Error opening password file "/Mosquitto/conf/password.passwd".
1680033655: mosquitto version 2.0.15 starting
1680033655: Config loaded from /mosquitto/config/mosquitto.conf.
1680033655: Error: Unable to open pwfile "/Mosquitto/conf/password.passwd".
1680033655: Error opening password file "/Mosquitto/conf/password.passwd".
1680033680: mosquitto version 2.0.15 starting
1680033680: Config loaded from /mosquitto/config/mosquitto.conf.
1680033680: Error: Unable to open pwfile "/Mosquitto/conf/password.passwd".
1680033680: Error opening password file "/Mosquitto/conf/password.passwd".
1680033732: mosquitto version 2.0.15 starting
1680033732: Config loaded from /mosquitto/config/mosquitto.conf.
1680033732: Error: Unable to open pwfile "/Mosquitto/conf/password.passwd".
1680033732: Error opening password file "/Mosquitto/conf/password.passwd".
1680033792: mosquitto version 2.0.15 starting
1680033792: Config loaded from /mosquitto/config/mosquitto.conf.
1680033792: Error: Unable to open pwfile "/mosquitto/conf/password.passwd".
1680033792: Error opening password file "/mosquitto/conf/password.passwd".
1680033831: mosquitto version 2.0.15 starting
1680033831: Config loaded from /mosquitto/config/mosquitto.conf.
1680033831: Error: Unable to open pwfile "/mosquitto/conf/password.passwd".
1680033831: Error opening password file "/mosquitto/conf/password.passwd".
1680033831: mosquitto version 2.0.15 starting
1680033831: Config loaded from /mosquitto/config/mosquitto.conf.
1680033831: Error: Unable to open pwfile "/mosquitto/conf/password.passwd".
1680033831: Error opening password file "/mosquitto/conf/password.passwd".
1680033832: mosquitto version 2.0.15 starting
1680033832: Config loaded from /mosquitto/config/mosquitto.conf.
1680033832: Error: Unable to open pwfile "/mosquitto/conf/password.passwd".
1680033832: Error opening password file "/mosquitto/conf/password.passwd".
1680033832: mosquitto version 2.0.15 starting
1680033832: Config loaded from /mosquitto/config/mosquitto.conf.
1680033832: Error: Unable to open pwfile "/mosquitto/conf/password.passwd".
1680033832: Error opening password file "/mosquitto/conf/password.passwd".
1680033833: mosquitto version 2.0.15 starting
1680033833: Config loaded from /mosquitto/config/mosquitto.conf.
1680033833: Error: Unable to open pwfile "/mosquitto/conf/password.passwd".
1680033833: Error opening password file "/mosquitto/conf/password.passwd".
1680033835: mosquitto version 2.0.15 starting
1680033835: Config loaded from /mosquitto/config/mosquitto.conf.
1680033835: Error: Unable to open pwfile "/mosquitto/conf/password.passwd".
1680033835: Error opening password file "/mosquitto/conf/password.passwd".
1680033839: mosquitto version 2.0.15 starting
1680033839: Config loaded from /mosquitto/config/mosquitto.conf.
1680033839: Error: Unable to open pwfile "/mosquitto/conf/password.passwd".
1680033839: Error opening password file "/mosquitto/conf/password.passwd".
1680033845: mosquitto version 2.0.15 starting
1680033845: Config loaded from /mosquitto/config/mosquitto.conf.
1680033845: Error: Unable to open pwfile "/mosquitto/conf/password.passwd".
1680033845: Error opening password file "/mosquitto/conf/password.passwd".
1680033858: mosquitto version 2.0.15 starting
1680033858: Config loaded from /mosquitto/config/mosquitto.conf.
1680033858: Error: Unable to open pwfile "/mosquitto/conf/password.passwd".
1680033858: Error opening password file "/mosquitto/conf/password.passwd".
1680033884: mosquitto version 2.0.15 starting
1680033884: Config loaded from /mosquitto/config/mosquitto.conf.
1680033884: Error: Unable to open pwfile "/mosquitto/conf/password.passwd".
1680033884: Error opening password file "/mosquitto/conf/password.passwd".
1680033936: mosquitto version 2.0.15 starting
1680033936: Config loaded from /mosquitto/config/mosquitto.conf.
1680033936: Error: Unable to open pwfile "/mosquitto/conf/password.passwd".
1680033936: Error opening password file "/mosquitto/conf/password.passwd".
1680033996: mosquitto version 2.0.15 starting
1680033996: Config loaded from /mosquitto/config/mosquitto.conf.
1680033996: Error: Unable to open pwfile "/mosquitto/conf/password.passwd".
1680033996: Error opening password file "/mosquitto/conf/password.passwd".
1680034003: mosquitto version 2.0.15 starting
1680034003: Config loaded from /mosquitto/config/mosquitto.conf.
1680034003: Error: Unable to open pwfile "/mosquitto/conf/password.passwd".
1680034003: Error opening password file "/mosquitto/conf/password.passwd".
1680034003: mosquitto version 2.0.15 starting
1680034003: Config loaded from /mosquitto/config/mosquitto.conf.
1680034003: Error: Unable to open pwfile "/mosquitto/conf/password.passwd".
1680034003: Error opening password file "/mosquitto/conf/password.passwd".
1680034004: mosquitto version 2.0.15 starting
1680034004: Config loaded from /mosquitto/config/mosquitto.conf.
1680034004: Error: Unable to open pwfile "/mosquitto/conf/password.passwd".
1680034004: Error opening password file "/mosquitto/conf/password.passwd".
1680034004: mosquitto version 2.0.15 starting
1680034004: Config loaded from /mosquitto/config/mosquitto.conf.
1680034004: Error: Unable to open pwfile "/mosquitto/conf/password.passwd".
1680034004: Error opening password file "/mosquitto/conf/password.passwd".
1680034005: mosquitto version 2.0.15 starting
1680034005: Config loaded from /mosquitto/config/mosquitto.conf.
1680034005: Error: Unable to open pwfile "/mosquitto/conf/password.passwd".
1680034005: Error opening password file "/mosquitto/conf/password.passwd".
1680034007: mosquitto version 2.0.15 starting
1680034007: Config loaded from /mosquitto/config/mosquitto.conf.
1680034007: Error: Unable to open pwfile "/mosquitto/conf/password.passwd".
1680034007: Error opening password file "/mosquitto/conf/password.passwd".
1680034012: mosquitto version 2.0.15 starting
1680034012: Config loaded from /mosquitto/config/mosquitto.conf.
1680034012: Opening ipv4 listen socket on port 1883.
1680034012: Opening ipv6 listen socket on port 1883.
1680034012: mosquitto version 2.0.15 running
1680034042: mosquitto version 2.0.15 terminating
1680034042: Saving in-memory database to /mosquitto/data//mosquitto.db.
1680034046: mosquitto version 2.0.15 starting
1680034046: Config loaded from /mosquitto/config/mosquitto.conf.
1680034046: Opening ipv4 listen socket on port 1883.
1680034046: Opening ipv6 listen socket on port 1883.
1680034046: mosquitto version 2.0.15 running
1680034073: mosquitto version 2.0.15 terminating
1680034073: Saving in-memory database to /mosquitto/data//mosquitto.db.
1680034076: mosquitto version 2.0.15 starting
1680034076: Config loaded from /mosquitto/config/mosquitto.conf.
1680034076: Opening ipv4 listen socket on port 1883.
1680034076: Opening ipv6 listen socket on port 1883.
1680034076: mosquitto version 2.0.15 running
1680034111: mosquitto version 2.0.15 terminating
1680034111: Saving in-memory database to /mosquitto/data//mosquitto.db.
1680034118: mosquitto version 2.0.15 starting
1680034118: Config loaded from /mosquitto/config/mosquitto.conf.
1680034118: Opening ipv4 listen socket on port 1883.
1680034118: Opening ipv6 listen socket on port 1883.
1680034118: mosquitto version 2.0.15 running
1680034133: mosquitto version 2.0.15 terminating
1680034133: Saving in-memory database to /mosquitto/data//mosquitto.db.
1680034195: mosquitto version 2.0.15 starting
1680034195: Config loaded from /mosquitto/config/mosquitto.conf.
1680034195: Error: Unable to open pwfile "/mosquitto/conf/password.passwd".
1680034195: Error opening password file "/mosquitto/conf/password.passwd".
1680034195: mosquitto version 2.0.15 starting
1680034195: Config loaded from /mosquitto/config/mosquitto.conf.
1680034195: Error: Unable to open pwfile "/mosquitto/conf/password.passwd".
1680034195: Error opening password file "/mosquitto/conf/password.passwd".
1680034195: mosquitto version 2.0.15 starting
1680034195: Config loaded from /mosquitto/config/mosquitto.conf.
1680034195: Error: Unable to open pwfile "/mosquitto/conf/password.passwd".
1680034195: Error opening password file "/mosquitto/conf/password.passwd".
1680034196: mosquitto version 2.0.15 starting
1680034196: Config loaded from /mosquitto/config/mosquitto.conf.
1680034196: Error: Unable to open pwfile "/mosquitto/conf/password.passwd".
1680034196: Error opening password file "/mosquitto/conf/password.passwd".
1680034197: mosquitto version 2.0.15 starting
1680034197: Config loaded from /mosquitto/config/mosquitto.conf.
1680034197: Error: Unable to open pwfile "/mosquitto/conf/password.passwd".
1680034197: Error opening password file "/mosquitto/conf/password.passwd".
1680034199: mosquitto version 2.0.15 starting
1680034199: Config loaded from /mosquitto/config/mosquitto.conf.
1680034199: Error: Unable to open pwfile "/mosquitto/conf/password.passwd".
1680034199: Error opening password file "/mosquitto/conf/password.passwd".
1680034202: mosquitto version 2.0.15 starting
1680034202: Config loaded from /mosquitto/config/mosquitto.conf.
1680034202: Error: Unable to open pwfile "/mosquitto/conf/password.passwd".
1680034202: Error opening password file "/mosquitto/conf/password.passwd".
1680034209: mosquitto version 2.0.15 starting
1680034209: Config loaded from /mosquitto/config/mosquitto.conf.
1680034209: Error: Unable to open pwfile "/mosquitto/conf/password.passwd".
1680034209: Error opening password file "/mosquitto/conf/password.passwd".
1680034222: mosquitto version 2.0.15 starting
1680034222: Config loaded from /mosquitto/config/mosquitto.conf.
1680034222: Error: Unable to open pwfile "/mosquitto/conf/password.passwd".
1680034222: Error opening password file "/mosquitto/conf/password.passwd".
1680034248: mosquitto version 2.0.15 starting
1680034248: Config loaded from /mosquitto/config/mosquitto.conf.
1680034248: Opening ipv4 listen socket on port 1883.
1680034248: Opening ipv6 listen socket on port 1883.
1680034248: mosquitto version 2.0.15 running
1680034305: mosquitto version 2.0.15 terminating
1680034305: Saving in-memory database to /mosquitto/data//mosquitto.db.
1680034312: mosquitto version 2.0.15 starting
1680034312: Config loaded from /mosquitto/config/mosquitto.conf.
1680034312: Error: Unable to open pwfile "/mosquitto/conf/password.passwd".
1680034312: Error opening password file "/mosquitto/conf/password.passwd".
1680034312: mosquitto version 2.0.15 starting
1680034312: Config loaded from /mosquitto/config/mosquitto.conf.
1680034312: Error: Unable to open pwfile "/mosquitto/conf/password.passwd".
1680034312: Error opening password file "/mosquitto/conf/password.passwd".
1680034313: mosquitto version 2.0.15 starting
1680034313: Config loaded from /mosquitto/config/mosquitto.conf.
1680034313: Error: Unable to open pwfile "/mosquitto/conf/password.passwd".
1680034313: Error opening password file "/mosquitto/conf/password.passwd".
1680034314: mosquitto version 2.0.15 starting
1680034314: Config loaded from /mosquitto/config/mosquitto.conf.
1680034314: Error: Unable to open pwfile "/mosquitto/conf/password.passwd".
1680034314: Error opening password file "/mosquitto/conf/password.passwd".
1680034315: mosquitto version 2.0.15 starting
1680034315: Config loaded from /mosquitto/config/mosquitto.conf.
1680034315: Error: Unable to open pwfile "/mosquitto/conf/password.passwd".
1680034315: Error opening password file "/mosquitto/conf/password.passwd".
1680034316: mosquitto version 2.0.15 starting
1680034316: Config loaded from /mosquitto/config/mosquitto.conf.
1680034316: Error: Unable to open pwfile "/mosquitto/conf/password.passwd".
1680034316: Error opening password file "/mosquitto/conf/password.passwd".
1680034320: mosquitto version 2.0.15 starting
1680034320: Config loaded from /mosquitto/config/mosquitto.conf.
1680034320: Error: Unable to open pwfile "/mosquitto/conf/password.passwd".
1680034320: Error opening password file "/mosquitto/conf/password.passwd".
1680034327: mosquitto version 2.0.15 starting
1680034327: Config loaded from /mosquitto/config/mosquitto.conf.
1680034327: Error: Unable to open pwfile "/mosquitto/conf/password.passwd".
1680034327: Error opening password file "/mosquitto/conf/password.passwd".
1680034340: mosquitto version 2.0.15 starting
1680034340: Config loaded from /mosquitto/config/mosquitto.conf.
1680034340: Error: Unable to open pwfile "/mosquitto/conf/password.passwd".
1680034340: Error opening password file "/mosquitto/conf/password.passwd".
1680034365: mosquitto version 2.0.15 starting
1680034365: Config loaded from /mosquitto/config/mosquitto.conf.
1680034365: Error: Unable to open pwfile "/mosquitto/conf/password.passwd".
1680034365: Error opening password file "/mosquitto/conf/password.passwd".
1680034366: mosquitto version 2.0.15 starting
1680034366: Config loaded from /mosquitto/config/mosquitto.conf.
1680034366: Error: Unable to open pwfile "/mosquitto/conf/password.passwd".
1680034366: Error opening password file "/mosquitto/conf/password.passwd".
1680034366: mosquitto version 2.0.15 starting
1680034366: Config loaded from /mosquitto/config/mosquitto.conf.
1680034366: Error: Unable to open pwfile "/mosquitto/conf/password.passwd".
1680034366: Error opening password file "/mosquitto/conf/password.passwd".
1680034367: mosquitto version 2.0.15 starting
1680034367: Config loaded from /mosquitto/config/mosquitto.conf.
1680034367: Error: Unable to open pwfile "/mosquitto/conf/password.passwd".
1680034367: Error opening password file "/mosquitto/conf/password.passwd".
1680034368: mosquitto version 2.0.15 starting
1680034368: Config loaded from /mosquitto/config/mosquitto.conf.
1680034368: Error: Unable to open pwfile "/mosquitto/conf/password.passwd".
1680034368: Error opening password file "/mosquitto/conf/password.passwd".
1680034370: mosquitto version 2.0.15 starting
1680034370: Config loaded from /mosquitto/config/mosquitto.conf.
1680034370: Error: Unable to open pwfile "/mosquitto/conf/password.passwd".
1680034370: Error opening password file "/mosquitto/conf/password.passwd".
1680034373: mosquitto version 2.0.15 starting
1680034373: Config loaded from /mosquitto/config/mosquitto.conf.
1680034373: Error: Unable to open pwfile "/mosquitto/conf/password.passwd".
1680034373: Error opening password file "/mosquitto/conf/password.passwd".
1680034380: mosquitto version 2.0.15 starting
1680034380: Config loaded from /mosquitto/config/mosquitto.conf.
1680034380: Error: Unable to open pwfile "/mosquitto/conf/password.passwd".
1680034380: Error opening password file "/mosquitto/conf/password.passwd".
1680034393: mosquitto version 2.0.15 starting
1680034393: Config loaded from /mosquitto/config/mosquitto.conf.
1680034393: Error: Unable to open pwfile "/mosquitto/conf/password.passwd".
1680034393: Error opening password file "/mosquitto/conf/password.passwd".
1680034397: mosquitto version 2.0.15 starting
1680034397: Config loaded from /mosquitto/config/mosquitto.conf.
1680034397: Opening ipv4 listen socket on port 1883.
1680034397: Opening ipv6 listen socket on port 1883.
1680034397: mosquitto version 2.0.15 running
1680034422: mosquitto version 2.0.15 terminating
1680034422: Saving in-memory database to /mosquitto/data//mosquitto.db.
1680034426: mosquitto version 2.0.15 starting
1680034426: Config loaded from /mosquitto/config/mosquitto.conf.
1680034426: Opening ipv4 listen socket on port 1883.
1680034426: Opening ipv6 listen socket on port 1883.
1680034426: mosquitto version 2.0.15 running
1680034439: mosquitto version 2.0.15 terminating
1680034439: Saving in-memory database to /mosquitto/data//mosquitto.db.
1680034452: mosquitto version 2.0.15 starting
1680034452: Config loaded from /mosquitto/config/mosquitto.conf.
1680034452: Opening ipv4 listen socket on port 1883.
1680034452: Opening ipv6 listen socket on port 1883.
1680034452: mosquitto version 2.0.15 running
1680034456: mosquitto version 2.0.15 terminating
1680034456: Saving in-memory database to /mosquitto/data//mosquitto.db.
1680034539: mosquitto version 2.0.15 starting
1680034539: Config loaded from /mosquitto/config/mosquitto.conf.
1680034539: Opening ipv4 listen socket on port 1883.
1680034539: Opening ipv6 listen socket on port 1883.
1680034539: mosquitto version 2.0.15 running
1680034542: mosquitto version 2.0.15 terminating
1680034542: Saving in-memory database to /mosquitto/data//mosquitto.db.
1680034610: mosquitto version 2.0.15 starting
1680034610: Config loaded from /mosquitto/config/mosquitto.conf.
1680034610: Opening ipv4 listen socket on port 1883.
1680034610: Opening ipv6 listen socket on port 1883.
1680034610: mosquitto version 2.0.15 running
1680034762: mosquitto version 2.0.15 terminating
1680034762: Saving in-memory database to /mosquitto/data//mosquitto.db.
1680034783: mosquitto version 2.0.15 starting
1680034783: Config loaded from /mosquitto/config/mosquitto.conf.
1680034783: Opening ipv4 listen socket on port 1883.
1680034783: Opening ipv6 listen socket on port 1883.
1680034783: mosquitto version 2.0.15 running
1680034784: mosquitto version 2.0.15 terminating
1680034784: Saving in-memory database to /mosquitto/data//mosquitto.db.
1680034886: mosquitto version 2.0.15 starting
1680034886: Config loaded from /mosquitto/config/mosquitto.conf.
1680034886: Opening ipv4 listen socket on port 1883.
1680034886: Opening ipv6 listen socket on port 1883.
1680034886: mosquitto version 2.0.15 running
1680034948: mosquitto version 2.0.15 terminating
1680034948: Saving in-memory database to /mosquitto/data//mosquitto.db.
1680034951: mosquitto version 2.0.15 starting
1680034951: Config loaded from /mosquitto/config/mosquitto.conf.
1680034951: Opening ipv4 listen socket on port 1883.
1680034951: Opening ipv6 listen socket on port 1883.
1680034951: mosquitto version 2.0.15 running
1680034961: mosquitto version 2.0.15 terminating
1680034961: Saving in-memory database to /mosquitto/data//mosquitto.db.
1680035112: mosquitto version 2.0.15 starting
1680035112: Config loaded from /mosquitto/config/mosquitto.conf.
1680035112: Opening ipv4 listen socket on port 1883.
1680035112: Opening ipv6 listen socket on port 1883.
1680035112: mosquitto version 2.0.15 running
1680035337: mosquitto version 2.0.15 terminating
1680035337: Saving in-memory database to /mosquitto/data//mosquitto.db.
1680035340: mosquitto version 2.0.15 starting
1680035340: Config loaded from /mosquitto/config/mosquitto.conf.
1680035340: Opening ipv4 listen socket on port 1883.
1680035340: Opening ipv6 listen socket on port 1883.
1680035340: mosquitto version 2.0.15 running
1680035447: mosquitto version 2.0.15 terminating
1680035447: Saving in-memory database to /mosquitto/data//mosquitto.db.
1680035494: mosquitto version 2.0.15 starting
1680035494: Config loaded from /mosquitto/config/mosquitto.conf.
1680035494: Opening ipv4 listen socket on port 1883.
1680035494: Opening ipv6 listen socket on port 1883.
1680035494: mosquitto version 2.0.15 running
1680035555: mosquitto version 2.0.15 terminating
1680035555: Saving in-memory database to /mosquitto/data//mosquitto.db.
1680035560: mosquitto version 2.0.15 starting
1680035560: Config loaded from /mosquitto/config/mosquitto.conf.
1680035560: Opening ipv4 listen socket on port 1883.
1680035560: Opening ipv6 listen socket on port 1883.
1680035560: mosquitto version 2.0.15 running
1680035590: mosquitto version 2.0.15 terminating
1680035590: Saving in-memory database to /mosquitto/data//mosquitto.db.
1680035593: mosquitto version 2.0.15 starting
1680035593: Config loaded from /mosquitto/config/mosquitto.conf.
1680035593: Opening ipv4 listen socket on port 1883.
1680035593: Opening ipv6 listen socket on port 1883.
1680035593: mosquitto version 2.0.15 running
1680035678: mosquitto version 2.0.15 terminating
1680035678: Saving in-memory database to /mosquitto/data//mosquitto.db.
1680035683: mosquitto version 2.0.15 starting
1680035683: Config loaded from /mosquitto/config/mosquitto.conf.
1680035683: Opening ipv4 listen socket on port 1883.
1680035683: mosquitto version 2.0.15 running
1680035734: mosquitto version 2.0.15 terminating
1680035734: Saving in-memory database to /mosquitto/data//mosquitto.db.
1680035738: mosquitto version 2.0.15 starting
1680035738: Config loaded from /mosquitto/config/mosquitto.conf.
1680035738: Opening ipv4 listen socket on port 1883.
1680035738: mosquitto version 2.0.15 running
1680035754: mosquitto version 2.0.15 terminating
1680035754: Saving in-memory database to /mosquitto/data//mosquitto.db.
1680035757: mosquitto version 2.0.15 starting
1680035757: Config loaded from /mosquitto/config/mosquitto.conf.
1680035757: Opening ipv4 listen socket on port 1883.
1680035757: mosquitto version 2.0.15 running
1680035773: mosquitto version 2.0.15 terminating
1680035773: Saving in-memory database to /mosquitto/data//mosquitto.db.
1680035776: mosquitto version 2.0.15 starting
1680035776: Config loaded from /mosquitto/config/mosquitto.conf.
1680035776: Opening ipv4 listen socket on port 1883.
1680035776: Opening ipv6 listen socket on port 1883.
1680035776: mosquitto version 2.0.15 running
1680035778: mosquitto version 2.0.15 terminating
1680035778: Saving in-memory database to /mosquitto/data//mosquitto.db.
1680035814: mosquitto version 2.0.15 starting
1680035814: Config loaded from /mosquitto/config/mosquitto.conf.
1680035814: Opening ipv4 listen socket on port 1883.
1680035814: Opening ipv6 listen socket on port 1883.
1680035814: mosquitto version 2.0.15 running
1680035866: mosquitto version 2.0.15 terminating
1680035866: Saving in-memory database to /mosquitto/data//mosquitto.db.
1680035870: mosquitto version 2.0.15 starting
1680035870: Config loaded from /mosquitto/config/mosquitto.conf.
1680035870: Opening ipv4 listen socket on port 1883.
1680035870: Opening ipv6 listen socket on port 1883.
1680035870: mosquitto version 2.0.15 running
1680035901: mosquitto version 2.0.15 terminating
1680035901: Saving in-memory database to /mosquitto/data//mosquitto.db.
1680035904: mosquitto version 2.0.15 starting
1680035904: Config loaded from /mosquitto/config/mosquitto.conf.
1680035904: Opening ipv4 listen socket on port 1883.
1680035904: Opening ipv6 listen socket on port 1883.
1680035904: mosquitto version 2.0.15 running
1680035993: mosquitto version 2.0.15 terminating
1680035993: Saving in-memory database to /mosquitto/data//mosquitto.db.
1680035996: mosquitto version 2.0.15 starting
1680035996: Config loaded from /mosquitto/config/mosquitto.conf.
1680035996: Opening ipv4 listen socket on port 1883.
1680035996: Opening ipv6 listen socket on port 1883.
1680035996: mosquitto version 2.0.15 running
1680036002: mosquitto version 2.0.15 terminating
1680036002: Saving in-memory database to /mosquitto/data//mosquitto.db.
1680036009: mosquitto version 2.0.15 starting
1680036009: Config loaded from /mosquitto/config/mosquitto.conf.
1680036009: Opening ipv4 listen socket on port 1883.
1680036009: Opening ipv6 listen socket on port 1883.
1680036009: mosquitto version 2.0.15 running
1680036081: mosquitto version 2.0.15 terminating
1680036081: Saving in-memory database to /mosquitto/data//mosquitto.db.
1680036084: mosquitto version 2.0.15 starting
1680036084: Config loaded from /mosquitto/config/mosquitto.conf.
1680036084: Opening ipv4 listen socket on port 1883.
1680036084: Opening ipv6 listen socket on port 1883.
1680036084: mosquitto version 2.0.15 running
1680036096: mosquitto version 2.0.15 terminating
1680036096: Saving in-memory database to /mosquitto/data//mosquitto.db.
1680036098: mosquitto version 2.0.15 starting
1680036098: Config loaded from /mosquitto/config/mosquitto.conf.
1680036098: Opening ipv4 listen socket on port 1883.
1680036098: Opening ipv6 listen socket on port 1883.
1680036098: mosquitto version 2.0.15 running
1680036155: mosquitto version 2.0.15 terminating
1680036155: Saving in-memory database to /mosquitto/data//mosquitto.db.
1680036164: mosquitto version 2.0.15 starting
1680036164: Config loaded from /mosquitto/config/mosquitto.conf.
1680036164: Opening ipv4 listen socket on port 1883.
1680036164: Opening ipv6 listen socket on port 1883.
1680036164: mosquitto version 2.0.15 running
1680036175: mosquitto version 2.0.15 terminating
1680036175: Saving in-memory database to /mosquitto/data//mosquitto.db.
1680036185: mosquitto version 2.0.15 starting
1680036185: Config loaded from /mosquitto/config/mosquitto.conf.
1680036185: Opening ipv4 listen socket on port 1883.
1680036185: Opening ipv6 listen socket on port 1883.
1680036185: mosquitto version 2.0.15 running
1680036193: mosquitto version 2.0.15 terminating
1680036193: Saving in-memory database to /mosquitto/data//mosquitto.db.
1680036196: mosquitto version 2.0.15 starting
1680036196: Config loaded from /mosquitto/config/mosquitto.conf.
1680036196: Opening ipv4 listen socket on port 1883.
1680036196: Opening ipv6 listen socket on port 1883.
1680036196: mosquitto version 2.0.15 running
1680036218: mosquitto version 2.0.15 terminating
1680036218: Saving in-memory database to /mosquitto/data//mosquitto.db.
1680036221: mosquitto version 2.0.15 starting
1680036221: Config loaded from /mosquitto/config/mosquitto.conf.
1680036221: Opening ipv4 listen socket on port 1883.
1680036221: Opening ipv6 listen socket on port 1883.
1680036221: mosquitto version 2.0.15 running
1680036225: mosquitto version 2.0.15 terminating
1680036225: Saving in-memory database to /mosquitto/data//mosquitto.db.
1680036517: mosquitto version 2.0.15 starting
1680036517: Config loaded from /mosquitto/config/mosquitto.conf.
1680036517: Opening ipv4 listen socket on port 1883.
1680036517: Opening ipv6 listen socket on port 1883.
1680036517: mosquitto version 2.0.15 running
1680036630: mosquitto version 2.0.15 terminating
1680036630: Saving in-memory database to /mosquitto/data//mosquitto.db.
1680036634: mosquitto version 2.0.15 starting
1680036634: Config loaded from /mosquitto/config/mosquitto.conf.
1680036634: Opening ipv4 listen socket on port 1883.
1680036634: Opening ipv6 listen socket on port 1883.
1680036634: mosquitto version 2.0.15 running
1680036660: mosquitto version 2.0.15 terminating
1680036660: Saving in-memory database to /mosquitto/data//mosquitto.db.
1680036663: mosquitto version 2.0.15 starting
1680036663: Config loaded from /mosquitto/config/mosquitto.conf.
1680036663: Opening ipv4 listen socket on port 1883.
1680036663: Opening ipv6 listen socket on port 1883.
1680036663: mosquitto version 2.0.15 running
1680036835: mosquitto version 2.0.15 terminating
1680036835: Saving in-memory database to /mosquitto/data//mosquitto.db.
1680036841: mosquitto version 2.0.15 starting
1680036841: Config loaded from /mosquitto/config/mosquitto.conf.
1680036841: Opening ipv4 listen socket on port 1883.
1680036841: Opening ipv6 listen socket on port 1883.
1680036841: mosquitto version 2.0.15 running
1680036851: mosquitto version 2.0.15 terminating
1680036851: Saving in-memory database to /mosquitto/data//mosquitto.db.
1680036854: mosquitto version 2.0.15 starting
1680036854: Config loaded from /mosquitto/config/mosquitto.conf.
1680036854: Opening ipv4 listen socket on port 1883.
1680036854: Opening ipv6 listen socket on port 1883.
1680036854: mosquitto version 2.0.15 running
1680036854: New connection from 172.21.0.2:52605 on port 1883.
1680036854: Client auto-B4CFBA38-0B73-8CD0-2EEA-F3D490092C55 disconnected, not authorised.
1680036855: New connection from 172.21.0.2:39899 on port 1883.
1680036855: Client auto-3FE40840-2091-D7E6-818F-4AAB0B1B4D50 disconnected, not authorised.
1680036857: New connection from 172.21.0.2:48335 on port 1883.
1680036857: Client auto-2B5CCBF0-66FB-B470-E438-9D901CBBE750 disconnected, not authorised.
1680036861: New connection from 172.21.0.2:57959 on port 1883.
1680036861: Client auto-170D40D2-D744-9C25-9758-43B95044316E disconnected, not authorised.
1680036869: New connection from 172.21.0.2:39295 on port 1883.
1680036869: Client auto-AA8D5D72-7CAC-4B8F-A00C-E14DE4A354DD disconnected, not authorised.
1680036885: mosquitto version 2.0.15 terminating
1680036885: Saving in-memory database to /mosquitto/data//mosquitto.db.
1680036892: mosquitto version 2.0.15 starting
1680036892: Config loaded from /mosquitto/config/mosquitto.conf.
1680036892: Opening ipv4 listen socket on port 1883.
1680036892: Opening ipv6 listen socket on port 1883.
1680036892: mosquitto version 2.0.15 running
1680036893: New connection from 172.21.0.2:37765 on port 1883.
1680036893: Client auto-7FD47306-D56C-3722-525F-4635B4E6725F disconnected, not authorised.
1680036894: New connection from 172.21.0.2:37463 on port 1883.
1680036894: Client auto-40237EEE-7F59-E61B-947D-C49549A013A0 disconnected, not authorised.
1680036896: New connection from 172.21.0.2:54607 on port 1883.
1680036896: Client auto-57534621-8A98-CC35-6712-71CC8E8ACB7D disconnected, not authorised.
1680036900: New connection from 172.21.0.2:40953 on port 1883.
1680036900: Client auto-156D9081-0B1C-5E90-0930-BA1A1545DC9E disconnected, not authorised.
1680036908: New connection from 172.21.0.2:45613 on port 1883.
1680036908: Client auto-E296F1BD-80BC-5B5D-E7EF-65F16D225E64 disconnected, not authorised.
1680036924: New connection from 172.21.0.2:40265 on port 1883.
1680036924: Client auto-079561D8-0004-3EE7-AFBF-89E38826AF0A disconnected, not authorised.
1680036956: New connection from 172.21.0.2:34243 on port 1883.
1680036956: Client auto-7CD8B67D-33E0-EF5D-A7A8-D891AFFAB20A disconnected, not authorised.
1680037020: New connection from 172.21.0.2:58565 on port 1883.
1680037020: Client auto-E6B63246-B0D2-FBE8-CD38-F278F851553F disconnected, not authorised.
1680037023: mosquitto version 2.0.15 terminating
1680037023: Saving in-memory database to /mosquitto/data//mosquitto.db.
1680037038: mosquitto version 2.0.15 starting
1680037038: Config loaded from /mosquitto/config/mosquitto.conf.
1680037038: Opening ipv4 listen socket on port 1883.
1680037038: Opening ipv6 listen socket on port 1883.
1680037038: mosquitto version 2.0.15 running
1680037038: New connection from 172.22.0.3:35885 on port 1883.
1680037038: Client auto-E38614BF-7446-9BCE-B903-19DF3FBAFA3A disconnected, not authorised.
1680037039: New connection from 172.22.0.3:50031 on port 1883.
1680037039: Client auto-9D6DB2FA-4179-4669-E83E-C6921B02AF88 disconnected, not authorised.
1680037041: New connection from 172.22.0.3:41385 on port 1883.
1680037041: Client auto-E7180A74-5AAE-47EF-2B42-C58BD5C475F4 disconnected, not authorised.
1680037045: New connection from 172.22.0.3:49417 on port 1883.
1680037045: Client auto-96493518-48F4-1D59-0D6A-3FDD323DB386 disconnected, not authorised.
1680037053: New connection from 172.22.0.3:41437 on port 1883.
1680037053: Client auto-A5A74EC9-E9AB-56A4-9F83-614C9AE94FDC disconnected, not authorised.
1680037069: New connection from 172.22.0.3:41203 on port 1883.
1680037069: Client auto-31FAF0AE-504D-7856-ABCD-6C54918B847E disconnected, not authorised.
1680037101: New connection from 172.22.0.3:44867 on port 1883.
1680037101: Client auto-4F55BB46-8D12-4527-2127-3034DEBF2BF1 disconnected, not authorised.
1680037165: New connection from 172.22.0.3:48495 on port 1883.
1680037165: Client auto-69ECA8C0-F6D7-3281-2B16-2B36E90619B9 disconnected, not authorised.
1680037214: mosquitto version 2.0.15 terminating
1680037214: Saving in-memory database to /mosquitto/data//mosquitto.db.
1680041826: mosquitto version 2.0.15 starting
1680041826: Config loaded from /mosquitto/config/mosquitto.conf.
1680041826: Error: Unable to open pwfile "/mosquitto/conf/password.passwd".
1680041826: Error opening password file "/mosquitto/conf/password.passwd".
1680041827: mosquitto version 2.0.15 starting
1680041827: Config loaded from /mosquitto/config/mosquitto.conf.
1680041827: Error: Unable to open pwfile "/mosquitto/conf/password.passwd".
1680041827: Error opening password file "/mosquitto/conf/password.passwd".
1680041828: mosquitto version 2.0.15 starting
1680041828: Config loaded from /mosquitto/config/mosquitto.conf.
1680041828: Error: Unable to open pwfile "/mosquitto/conf/password.passwd".
1680041828: Error opening password file "/mosquitto/conf/password.passwd".
1680041829: mosquitto version 2.0.15 starting
1680041829: Config loaded from /mosquitto/config/mosquitto.conf.
1680041829: Error: Unable to open pwfile "/mosquitto/conf/password.passwd".
1680041829: Error opening password file "/mosquitto/conf/password.passwd".
1680041830: mosquitto version 2.0.15 starting
1680041830: Config loaded from /mosquitto/config/mosquitto.conf.
1680041830: Error: Unable to open pwfile "/mosquitto/conf/password.passwd".
1680041830: Error opening password file "/mosquitto/conf/password.passwd".
1680041832: mosquitto version 2.0.15 starting
1680041832: Config loaded from /mosquitto/config/mosquitto.conf.
1680041832: Error: Unable to open pwfile "/mosquitto/conf/password.passwd".
1680041832: Error opening password file "/mosquitto/conf/password.passwd".
1680041836: mosquitto version 2.0.15 starting
1680041836: Config loaded from /mosquitto/config/mosquitto.conf.
1680041836: Error: Unable to open pwfile "/mosquitto/conf/password.passwd".
1680041836: Error opening password file "/mosquitto/conf/password.passwd".
1680041843: mosquitto version 2.0.15 starting
1680041843: Config loaded from /mosquitto/config/mosquitto.conf.
1680041843: Error: Unable to open pwfile "/mosquitto/conf/password.passwd".
1680041843: Error opening password file "/mosquitto/conf/password.passwd".
1680041856: mosquitto version 2.0.15 starting
1680041856: Config loaded from /mosquitto/config/mosquitto.conf.
1680041856: Error: Unable to open pwfile "/mosquitto/conf/password.passwd".
1680041856: Error opening password file "/mosquitto/conf/password.passwd".
1680041882: mosquitto version 2.0.15 starting
1680041882: Config loaded from /mosquitto/config/mosquitto.conf.
1680041882: Opening ipv4 listen socket on port 1883.
1680041882: Opening ipv6 listen socket on port 1883.
1680041882: mosquitto version 2.0.15 running
1680041883: New connection from 172.22.0.3:52353 on port 1883.
1680041883: New client connected from 172.22.0.3:52353 as auto-7F1554BA-002F-A0B5-5AB1-B358C1C74876 (p2, c1, k5, u'Aurora').
1680041885: New connection from 172.22.0.1:34880 on port 1883.
1680041885: New client connected from 172.22.0.1:34880 as esp32-sonic-f10f7c (p2, c1, k15).
1680041948: mosquitto version 2.0.15 terminating
1680041948: Saving in-memory database to /mosquitto/data//mosquitto.db.
1680043637: mosquitto version 2.0.15 starting
1680043637: Config loaded from /mosquitto/config/mosquitto.conf.
1680043637: Opening ipv4 listen socket on port 1883.
1680043637: Opening ipv6 listen socket on port 1883.
1680043637: mosquitto version 2.0.15 running
1680043637: New connection from 172.22.0.1:48434 on port 1883.
1680043637: New client connected from 172.22.0.1:48434 as esp32-sonic-f10f7c (p2, c1, k15).
1680043703: mosquitto version 2.0.15 terminating
1680043703: Saving in-memory database to /mosquitto/data//mosquitto.db.
1680043707: mosquitto version 2.0.15 starting
1680043707: Config loaded from /mosquitto/config/mosquitto.conf.
1680043707: Opening ipv4 listen socket on port 1883.
1680043707: Opening ipv6 listen socket on port 1883.
1680043707: mosquitto version 2.0.15 running
1680043709: New connection from 172.22.0.1:35062 on port 1883.
1680043709: New client connected from 172.22.0.1:35062 as esp32-sonic-f10f7c (p2, c1, k15).
1680043713: mosquitto version 2.0.15 terminating
1680043713: Saving in-memory database to /mosquitto/data//mosquitto.db.
1680043725: mosquitto version 2.0.15 starting
1680043725: Config loaded from /mosquitto/config/mosquitto.conf.
1680043725: Opening ipv4 listen socket on port 1883.
1680043725: Opening ipv6 listen socket on port 1883.
1680043725: mosquitto version 2.0.15 running
1680043727: mosquitto version 2.0.15 terminating
1680043727: Saving in-memory database to /mosquitto/data//mosquitto.db.
1680074447: mosquitto version 2.0.15 starting
1680074447: Config loaded from /mosquitto/config/mosquitto.conf.
1680074447: Opening ipv4 listen socket on port 1883.
1680074447: Opening ipv6 listen socket on port 1883.
1680074447: mosquitto version 2.0.15 running
1680074508: mosquitto version 2.0.15 terminating
1680074508: Saving in-memory database to /mosquitto/data//mosquitto.db.
1680074946: mosquitto version 2.0.15 starting
1680074946: Config loaded from /mosquitto/config/mosquitto.conf.
1680074946: Opening ipv4 listen socket on port 1883.
1680074946: Opening ipv6 listen socket on port 1883.
1680074946: mosquitto version 2.0.15 running
1680074967: mosquitto version 2.0.15 terminating
1680074967: Saving in-memory database to /mosquitto/data//mosquitto.db.
